  proj4.cpp
C:\Users\kinga\Documents\Computer Graphics\SampleWindows\Sample2022\proj4.cpp(186,4): warning C4305: 'initializing': truncation from 'double' to 'const float'
C:\Users\kinga\Documents\Computer Graphics\SampleWindows\Sample2022\proj4.cpp(186,15): warning C4305: 'initializing': truncation from 'double' to 'const float'
C:\Users\kinga\Documents\Computer Graphics\SampleWindows\Sample2022\proj4.cpp(187,4): warning C4305: 'initializing': truncation from 'double' to 'const float'
C:\Users\kinga\Documents\Computer Graphics\SampleWindows\Sample2022\proj4.cpp(187,14): warning C4305: 'initializing': truncation from 'double' to 'const float'
C:\Users\kinga\Documents\Computer Graphics\SampleWindows\Sample2022\proj4.cpp(188,4): warning C4305: 'initializing': truncation from 'double' to 'const float'
C:\Users\kinga\Documents\Computer Graphics\SampleWindows\Sample2022\proj4.cpp(188,14): warning C4305: 'initializing': truncation from 'double' to 'const float'
C:\Users\kinga\Documents\Computer Graphics\SampleWindows\Sample2022\proj4.cpp(189,4): warning C4305: 'initializing': truncation from 'double' to 'const float'
C:\Users\kinga\Documents\Computer Graphics\SampleWindows\Sample2022\proj4.cpp(189,15): warning C4305: 'initializing': truncation from 'double' to 'const float'
C:\Users\kinga\Documents\Computer Graphics\SampleWindows\Sample2022\proj4.cpp(868,20): warning C4305: 'argument': truncation from 'double' to 'float'
C:\Users\kinga\Documents\Computer Graphics\SampleWindows\Sample2022\proj4.cpp(869,20): warning C4305: 'argument': truncation from 'double' to 'float'
C:\Users\kinga\Documents\Computer Graphics\SampleWindows\Sample2022\proj4.cpp(870,20): warning C4305: 'argument': truncation from 'double' to 'float'
C:\Users\kinga\Documents\Computer Graphics\SampleWindows\Sample2022\proj4.cpp(871,20): warning C4305: 'argument': truncation from 'double' to 'float'
C:\Users\kinga\Documents\Computer Graphics\SampleWindows\Sample2022\proj4.cpp(872,20): warning C4305: 'argument': truncation from 'double' to 'float'
C:\Users\kinga\Documents\Computer Graphics\SampleWindows\Sample2022\proj4.cpp(873,20): warning C4305: 'argument': truncation from 'double' to 'float'
C:\Users\kinga\Documents\Computer Graphics\SampleWindows\Sample2022\proj4.cpp(874,20): warning C4305: 'argument': truncation from 'double' to 'float'
C:\Users\kinga\Documents\Computer Graphics\SampleWindows\Sample2022\proj4.cpp(875,20): warning C4305: 'argument': truncation from 'double' to 'float'
C:\Users\kinga\Documents\Computer Graphics\SampleWindows\Sample2022\proj4.cpp(876,20): warning C4305: 'argument': truncation from 'double' to 'float'
C:\Users\kinga\Documents\Computer Graphics\SampleWindows\Sample2022\proj4.cpp(878,20): warning C4305: 'argument': truncation from 'double' to 'float'
C:\Users\kinga\Documents\Computer Graphics\SampleWindows\Sample2022\proj4.cpp(883,20): warning C4305: 'argument': truncation from 'double' to 'float'
C:\Users\kinga\Documents\Computer Graphics\SampleWindows\Sample2022\proj4.cpp(884,20): warning C4305: 'argument': truncation from 'double' to 'float'
C:\Users\kinga\Documents\Computer Graphics\SampleWindows\Sample2022\proj4.cpp(885,20): warning C4305: 'argument': truncation from 'double' to 'float'
C:\Users\kinga\Documents\Computer Graphics\SampleWindows\Sample2022\proj4.cpp(886,20): warning C4305: 'argument': truncation from 'double' to 'float'
C:\Users\kinga\Documents\Computer Graphics\SampleWindows\Sample2022\proj4.cpp(887,20): warning C4305: 'argument': truncation from 'double' to 'float'
C:\Users\kinga\Documents\Computer Graphics\SampleWindows\Sample2022\proj4.cpp(888,20): warning C4305: 'argument': truncation from 'double' to 'float'
C:\Users\kinga\Documents\Computer Graphics\SampleWindows\Sample2022\proj4.cpp(889,20): warning C4305: 'argument': truncation from 'double' to 'float'
C:\Users\kinga\Documents\Computer Graphics\SampleWindows\Sample2022\proj4.cpp(890,20): warning C4305: 'argument': truncation from 'double' to 'float'
C:\Users\kinga\Documents\Computer Graphics\SampleWindows\Sample2022\proj4.cpp(891,20): warning C4305: 'argument': truncation from 'double' to 'float'
C:\Users\kinga\Documents\Computer Graphics\SampleWindows\Sample2022\proj4.cpp(893,20): warning C4305: 'argument': truncation from 'double' to 'float'
C:\Users\kinga\Documents\Computer Graphics\SampleWindows\Sample2022\proj4.cpp(896,25): warning C4305: 'argument': truncation from 'double' to 'float'
C:\Users\kinga\Documents\Computer Graphics\SampleWindows\Sample2022\proj4.cpp(897,25): warning C4305: 'argument': truncation from 'double' to 'float'
C:\Users\kinga\Documents\Computer Graphics\SampleWindows\Sample2022\proj4.cpp(898,25): warning C4305: 'argument': truncation from 'double' to 'float'
C:\Users\kinga\Documents\Computer Graphics\SampleWindows\Sample2022\proj4.cpp(900,25): warning C4305: 'argument': truncation from 'double' to 'float'
C:\Users\kinga\Documents\Computer Graphics\SampleWindows\Sample2022\proj4.cpp(901,25): warning C4305: 'argument': truncation from 'double' to 'float'
C:\Users\kinga\Documents\Computer Graphics\SampleWindows\Sample2022\proj4.cpp(902,25): warning C4305: 'argument': truncation from 'double' to 'float'
C:\Users\kinga\Documents\Computer Graphics\SampleWindows\Sample2022\proj4.cpp(905,25): warning C4305: 'argument': truncation from 'double' to 'float'
C:\Users\kinga\Documents\Computer Graphics\SampleWindows\Sample2022\proj4.cpp(906,25): warning C4305: 'argument': truncation from 'double' to 'float'
C:\Users\kinga\Documents\Computer Graphics\SampleWindows\Sample2022\proj4.cpp(908,25): warning C4305: 'argument': truncation from 'double' to 'float'
C:\Users\kinga\Documents\Computer Graphics\SampleWindows\Sample2022\proj4.cpp(909,25): warning C4305: 'argument': truncation from 'double' to 'float'
C:\Users\kinga\Documents\Computer Graphics\SampleWindows\Sample2022\proj4.cpp(910,25): warning C4305: 'argument': truncation from 'double' to 'float'
C:\Users\kinga\Documents\Computer Graphics\SampleWindows\Sample2022\proj4.cpp(913,24): warning C4305: 'argument': truncation from 'double' to 'float'
C:\Users\kinga\Documents\Computer Graphics\SampleWindows\Sample2022\proj4.cpp(914,24): warning C4305: 'argument': truncation from 'double' to 'float'
C:\Users\kinga\Documents\Computer Graphics\SampleWindows\Sample2022\proj4.cpp(915,24): warning C4305: 'argument': truncation from 'double' to 'float'
C:\Users\kinga\Documents\Computer Graphics\SampleWindows\Sample2022\proj4.cpp(916,24): warning C4305: 'argument': truncation from 'double' to 'float'
C:\Users\kinga\Documents\Computer Graphics\SampleWindows\Sample2022\proj4.cpp(917,24): warning C4305: 'argument': truncation from 'double' to 'float'
C:\Users\kinga\Documents\Computer Graphics\SampleWindows\Sample2022\proj4.cpp(918,24): warning C4305: 'argument': truncation from 'double' to 'float'
C:\Users\kinga\Documents\Computer Graphics\SampleWindows\Sample2022\proj4.cpp(921,24): warning C4305: 'argument': truncation from 'double' to 'float'
C:\Users\kinga\Documents\Computer Graphics\SampleWindows\Sample2022\proj4.cpp(922,24): warning C4305: 'argument': truncation from 'double' to 'float'
C:\Users\kinga\Documents\Computer Graphics\SampleWindows\Sample2022\proj4.cpp(923,24): warning C4305: 'argument': truncation from 'double' to 'float'
C:\Users\kinga\Documents\Computer Graphics\SampleWindows\Sample2022\proj4.cpp(924,24): warning C4305: 'argument': truncation from 'double' to 'float'
C:\Users\kinga\Documents\Computer Graphics\SampleWindows\Sample2022\proj4.cpp(925,24): warning C4305: 'argument': truncation from 'double' to 'float'
C:\Users\kinga\Documents\Computer Graphics\SampleWindows\Sample2022\proj4.cpp(926,24): warning C4305: 'argument': truncation from 'double' to 'float'
C:\Users\kinga\Documents\Computer Graphics\SampleWindows\Sample2022\proj4.cpp(929,24): warning C4305: 'argument': truncation from 'double' to 'float'
C:\Users\kinga\Documents\Computer Graphics\SampleWindows\Sample2022\proj4.cpp(930,24): warning C4305: 'argument': truncation from 'double' to 'float'
C:\Users\kinga\Documents\Computer Graphics\SampleWindows\Sample2022\proj4.cpp(931,24): warning C4305: 'argument': truncation from 'double' to 'float'
C:\Users\kinga\Documents\Computer Graphics\SampleWindows\Sample2022\proj4.cpp(932,24): warning C4305: 'argument': truncation from 'double' to 'float'
C:\Users\kinga\Documents\Computer Graphics\SampleWindows\Sample2022\proj4.cpp(933,24): warning C4305: 'argument': truncation from 'double' to 'float'
C:\Users\kinga\Documents\Computer Graphics\SampleWindows\Sample2022\proj4.cpp(934,24): warning C4305: 'argument': truncation from 'double' to 'float'
C:\Users\kinga\Documents\Computer Graphics\SampleWindows\Sample2022\proj4.cpp(937,23): warning C4305: 'argument': truncation from 'double' to 'float'
C:\Users\kinga\Documents\Computer Graphics\SampleWindows\Sample2022\proj4.cpp(938,23): warning C4305: 'argument': truncation from 'double' to 'float'
C:\Users\kinga\Documents\Computer Graphics\SampleWindows\Sample2022\proj4.cpp(939,23): warning C4305: 'argument': truncation from 'double' to 'float'
C:\Users\kinga\Documents\Computer Graphics\SampleWindows\Sample2022\proj4.cpp(940,23): warning C4305: 'argument': truncation from 'double' to 'float'
C:\Users\kinga\Documents\Computer Graphics\SampleWindows\Sample2022\proj4.cpp(941,23): warning C4305: 'argument': truncation from 'double' to 'float'
C:\Users\kinga\Documents\Computer Graphics\SampleWindows\Sample2022\proj4.cpp(942,23): warning C4305: 'argument': truncation from 'double' to 'float'
C:\Users\kinga\Documents\Computer Graphics\SampleWindows\Sample2022\proj4.cpp(946,23): warning C4305: 'argument': truncation from 'double' to 'float'
C:\Users\kinga\Documents\Computer Graphics\SampleWindows\Sample2022\proj4.cpp(947,23): warning C4305: 'argument': truncation from 'double' to 'float'
C:\Users\kinga\Documents\Computer Graphics\SampleWindows\Sample2022\proj4.cpp(948,23): warning C4305: 'argument': truncation from 'double' to 'float'
C:\Users\kinga\Documents\Computer Graphics\SampleWindows\Sample2022\proj4.cpp(949,23): warning C4305: 'argument': truncation from 'double' to 'float'
C:\Users\kinga\Documents\Computer Graphics\SampleWindows\Sample2022\proj4.cpp(951,23): warning C4305: 'argument': truncation from 'double' to 'float'
C:\Users\kinga\Documents\Computer Graphics\SampleWindows\Sample2022\proj4.cpp(952,23): warning C4305: 'argument': truncation from 'double' to 'float'
C:\Users\kinga\Documents\Computer Graphics\SampleWindows\Sample2022\proj4.cpp(953,23): warning C4305: 'argument': truncation from 'double' to 'float'
C:\Users\kinga\Documents\Computer Graphics\SampleWindows\Sample2022\proj4.cpp(954,23): warning C4305: 'argument': truncation from 'double' to 'float'
C:\Users\kinga\Documents\Computer Graphics\SampleWindows\Sample2022\proj4.cpp(959,23): warning C4305: 'argument': truncation from 'double' to 'float'
C:\Users\kinga\Documents\Computer Graphics\SampleWindows\Sample2022\proj4.cpp(960,23): warning C4305: 'argument': truncation from 'double' to 'float'
C:\Users\kinga\Documents\Computer Graphics\SampleWindows\Sample2022\proj4.cpp(961,23): warning C4305: 'argument': truncation from 'double' to 'float'
C:\Users\kinga\Documents\Computer Graphics\SampleWindows\Sample2022\proj4.cpp(962,23): warning C4305: 'argument': truncation from 'double' to 'float'
C:\Users\kinga\Documents\Computer Graphics\SampleWindows\Sample2022\proj4.cpp(964,23): warning C4305: 'argument': truncation from 'double' to 'float'
C:\Users\kinga\Documents\Computer Graphics\SampleWindows\Sample2022\proj4.cpp(965,23): warning C4305: 'argument': truncation from 'double' to 'float'
C:\Users\kinga\Documents\Computer Graphics\SampleWindows\Sample2022\proj4.cpp(966,23): warning C4305: 'argument': truncation from 'double' to 'float'
C:\Users\kinga\Documents\Computer Graphics\SampleWindows\Sample2022\proj4.cpp(967,23): warning C4305: 'argument': truncation from 'double' to 'float'
C:\Users\kinga\Documents\Computer Graphics\SampleWindows\Sample2022\proj4.cpp(973,23): warning C4305: 'argument': truncation from 'double' to 'float'
C:\Users\kinga\Documents\Computer Graphics\SampleWindows\Sample2022\proj4.cpp(974,23): warning C4305: 'argument': truncation from 'double' to 'float'
C:\Users\kinga\Documents\Computer Graphics\SampleWindows\Sample2022\proj4.cpp(975,23): warning C4305: 'argument': truncation from 'double' to 'float'
C:\Users\kinga\Documents\Computer Graphics\SampleWindows\Sample2022\proj4.cpp(976,23): warning C4305: 'argument': truncation from 'double' to 'float'
C:\Users\kinga\Documents\Computer Graphics\SampleWindows\Sample2022\proj4.cpp(977,23): warning C4305: 'argument': truncation from 'double' to 'float'
C:\Users\kinga\Documents\Computer Graphics\SampleWindows\Sample2022\proj4.cpp(978,23): warning C4305: 'argument': truncation from 'double' to 'float'
C:\Users\kinga\Documents\Computer Graphics\SampleWindows\Sample2022\proj4.cpp(1010,45): warning C4244: 'argument': conversion from 'double' to 'GLfloat', possible loss of data
C:\Users\kinga\Documents\Computer Graphics\SampleWindows\Sample2022\proj4.cpp(1010,18): warning C4244: 'argument': conversion from 'double' to 'GLfloat', possible loss of data
C:\Users\kinga\Documents\Computer Graphics\SampleWindows\Sample2022\proj4.cpp(1011,45): warning C4244: 'argument': conversion from 'double' to 'GLfloat', possible loss of data
C:\Users\kinga\Documents\Computer Graphics\SampleWindows\Sample2022\proj4.cpp(1011,18): warning C4244: 'argument': conversion from 'double' to 'GLfloat', possible loss of data
C:\Users\kinga\Documents\Computer Graphics\SampleWindows\Sample2022\proj4.cpp(1024,23): warning C4305: 'argument': truncation from 'double' to 'GLfloat'
C:\Users\kinga\Documents\Computer Graphics\SampleWindows\Sample2022\proj4.cpp(1024,17): warning C4305: 'argument': truncation from 'double' to 'GLfloat'
C:\Users\kinga\Documents\Computer Graphics\SampleWindows\Sample2022\proj4.cpp(1024,11): warning C4305: 'argument': truncation from 'double' to 'GLfloat'
proj4.obj : warning LNK4075: ignoring '/EDITANDCONTINUE' due to '/INCREMENTAL:NO' specification
  Sample.vcxproj -> C:\Users\kinga\Documents\Computer Graphics\SampleWindows\Sample2022\Debug\Sample.exe
